17/08/21 17:54:42 : Socket Error # 11001<EOL>Host not found.
17/08/21 17:56:08 : Socket Error # 11001<EOL>Host not found.
17/08/21 17:56:54 : Socket Error # 11001<EOL>Host not found.
17/08/21 17:59:14 : Socket Error # 11001<EOL>Host not found.
17/08/21 18:03:38 : Socket Error # 11001<EOL>Host not found.
17/08/21 18:11:29 : Socket Error # 11001<EOL>Host not found.
17/08/21 18:17:50 : Socket Error # 11001<EOL>Host not found.
17/08/21 20:29:31 : Socket Error # 11001<EOL>Host not found.
17/08/21 22:20:13 : Socket Error # 11001<EOL>Host not found.
17/08/23 19:55:12 : Socket Error # 11001<EOL>Host not found.
17/08/23 19:56:29 : Socket Error # 11001<EOL>Host not found.
17/08/23 19:56:53 : Socket Error # 11001<EOL>Host not found.
17/08/23 20:01:24 : <https://accounts.google.com/signin/continue?sarp=1&scc=1&plt=AKgnsbuR<EOL>KaCXHAEb2VdrdqD4l6oPyPLOtHKQJAZy9WTdsf25AIsn91bAZHNSQLVtvSBbNhy3EqamHF<EOL>OJ71i-DEcLci0eQcI3mFL1DsLdhfwe8UwuC0izoH1Wjb1HYHpcJoXFtx951gHQIeLJOHod<EOL>OWEj--g2iVUWeP_UMr8ln622lcb9Sq6tcFhIYGZKvYgkp8f7KLlQI9jx1nHAIrFV8UpBbV<EOL>TePvNgV3oS2VTRhUK6X2FhfPe9RGg> Please log in via your web browser and<EOL>then try again.<EOL> Learn more at<EOL> https://support.google.com/mail/answer/78754 d25sm3645556pfb.163 - gsmtp<EOL>
17/08/23 20:03:02 : <https://accounts.google.com/signin/continue?sarp=1&scc=1&plt=AKgnsbtd<EOL>XMcDQSILx8bSitLz4gqQHfKOrTDMblLlYSdg9eXh_XRi7loUoyMmkE1HjOUXhbqH7AHqf8<EOL>JmiLe7IqRuMMrBJ8zu7GEbrqKNl4Xi6UIqzu6-SXgUxpil7iHoeNfTem9Bjn8Xdu_KaYww<EOL>WbYTBcf-GrBuhoSckifcVshUeIPT0kdTX1Cg-yGleWRuJfCYwvl7y9x6N5Po9E85t72IFK<EOL>KKDIe3PEQKU9iYQx7HjXSUgVB2eKw> Please log in via your web browser and<EOL>then try again.<EOL> Learn more at<EOL> https://support.google.com/mail/answer/78754 u72sm3019681pfk.122 - gsmtp<EOL>
17/08/23 20:06:34 : <https://accounts.google.com/signin/continue?sarp=1&scc=1&plt=AKgnsbtA<EOL>E_lCo8vxdzZNGq7Et8r6_oL-29zEnjmG6j0x5s1Xe9FB3reCW_DRdTaI8YE7L6JvDcAmJe<EOL>ttdtupWojAC-M437wJfxpfUZGEETRn8uWE9szPEZYYroYeJXrFIZiBifqv9nX9a3AYMnyh<EOL>8T3R7AwobLBr5aU9shfu9G81KV1PMn6rstSrB-R7jKAdEZsBLaqmTNyLdEpsJwGgcHTCTd<EOL>wCRvntwDbSN22uoadHvNZDnSQHKsk> Please log in via your web browser and<EOL>then try again.<EOL> Learn more at<EOL> https://support.google.com/mail/answer/78754 q133sm2815102pfq.31 - gsmtp<EOL>
18/01/23 18:41:57 : Message is missing sender's address
18/01/23 18:49:15 : Message is missing sender's address
18/01/23 18:54:01 : Username and Password not accepted. Learn more at<EOL> https://support.google.com/mail/?p=BadCredentials l11sm6773810iog.67 - gsmtp<EOL>
18/01/23 18:56:50 : Message is missing sender's address
18/01/23 19:12:22 : Message is missing sender's address
18/01/23 19:22:12 : <https://accounts.google.com/signin/continue?sarp=1&scc=1&plt=AKgnsbu1<EOL>h1jHQFnyZkXtWRGD0u-n6nIs8sSKV3WpiiGOCbc2XYNMibP9A0mcKvcuuaHIzkHb3BckYE<EOL>QNlWe3is0kyxF1RlMBgFGRo-U0b53mBZtnf5Lje-LA7D8oaqkU_sOi0yDtrzviO8Yt4csc<EOL>5MMIXnTVFdcXZnpNIvhfU2VfnYtZ8PFg4yncFNO-bMrQX-V9oFHuX1mEXYsakbBfG277F1<EOL>HCIhBixmNYaLJqZmJ9Vdh3rXJgvwM> Please log in via your web browser and<EOL>then try again.<EOL> Learn more at<EOL> https://support.google.com/mail/answer/78754 a123sm2825569ioa.78 - gsmtp<EOL>
18/01/23 19:24:29 : <https://accounts.google.com/signin/continue?sarp=1&scc=1&plt=AKgnsbvj<EOL>viWMoP09-Rhc5vqhxr7h_0cH4AGK_fBwebtLTTAI3Pc51ik4dgryMOhYF3rjTN1_fFHjKc<EOL>yOIgAUh2i0IOAXQgCAOB19543FcZEkbaxaIlqD987ndAJiuzwaYnmIMwQWAWlM39-Aitze<EOL>8i4fZpJNM5zkLuVt3h-ekDWAGoEbB3oHHQ_AHND9FvZJpdaWRjobkVDA19Dsh7iw6Gewz_<EOL>eY826sCTyWPT6-N7z_wak0qji6S5o> Please log in via your web browser and<EOL>then try again.<EOL> Learn more at<EOL> https://support.google.com/mail/answer/78754 v198sm5226154ita.3 - gsmtp<EOL>
18/01/23 19:24:35 : <https://accounts.google.com/signin/continue?sarp=1&scc=1&plt=AKgnsbth<EOL>SzWN4GAJQvCmHstfGvFbUOrkQPcN44ASgg8M9JxqsgEaR5bmNq27cO08KwM1RxqJzTyhSL<EOL>0CrUYWj1Z_lPrkp34EP3RMneGCZ5UUo3eVtfUFNxz1urNPbdZcj2BY1Mjutpt3jDTwiBHe<EOL>Ft1AUVr_GiGZf7KJy_nhOVUAy4My_i7jkHZt24ygO2jLOVYs663wu1QoZK9kINBdxYbzXi<EOL>nDA1uu_7Lkfw5T311rP3DtzWsyZWU> Please log in via your web browser and<EOL>then try again.<EOL> Learn more at<EOL> https://support.google.com/mail/answer/78754 i130sm188289itf.27 - gsmtp<EOL>
18/01/23 19:51:15 : Message is missing sender's address
18/01/23 19:54:39 : Message is missing sender's address
18/01/23 19:59:52 : Message is missing sender's address
18/01/23 20:02:38 : Message is missing sender's address
18/01/23 20:07:25 : Message is missing recipient's address
18/01/23 20:10:37 : Message is missing recipient's address
18/01/23 20:14:17 : Message is missing recipient's address
